Using pre-set license
Built from '2021.3/staging' branch; Version is '2021.3.23f1 (213b516bf396) revision 2177873'; Using compiler version '192829333'; Build Type 'Release'
OS: 'Windows 10  (10.0.19045) 64bit Professional' Language: 'ru' Physical Memory: 14229 MB
BatchMode: 1, IsHumanControllingUs: 0, StartBugReporterOnCrash: 0, Is64bit: 1, IsPro: 1

COMMAND LINE ARGUMENTS:
D:\UnityProjects\Unity Hub\2021.3.23f1\Editor\Unity.exe
-adb2
-batchMode
-noUpm
-name
AssetImportWorker0
-projectPath
D:/UnityProjects/FPS
-logFile
Logs/AssetImportWorker0.log
-srvPort
58645
Successfully changed project path to: D:/UnityProjects/FPS
D:/UnityProjects/FPS
[UnityMemory] Configuration Parameters - Can be set up in boot.config
    "memorysetup-bucket-allocator-granularity=16"
    "memorysetup-bucket-allocator-bucket-count=8"
    "memorysetup-bucket-allocator-block-size=33554432"
    "memorysetup-bucket-allocator-block-count=8"
    "memorysetup-main-allocator-block-size=16777216"
    "memorysetup-thread-allocator-block-size=16777216"
    "memorysetup-gfx-main-allocator-block-size=16777216"
    "memorysetup-gfx-thread-allocator-block-size=16777216"
    "memorysetup-cache-allocator-block-size=4194304"
    "memorysetup-typetree-allocator-block-size=2097152"
    "memorysetup-profiler-bucket-allocator-granularity=16"
    "memorysetup-profiler-bucket-allocator-bucket-count=8"
    "memorysetup-profiler-bucket-allocator-block-size=33554432"
    "memorysetup-profiler-bucket-allocator-block-count=8"
    "memorysetup-profiler-allocator-block-size=16777216"
    "memorysetup-profiler-editor-allocator-block-size=1048576"
    "memorysetup-temp-allocator-size-main=16777216"
    "memorysetup-job-temp-allocator-block-size=2097152"
    "memorysetup-job-temp-allocator-block-size-background=1048576"
    "memorysetup-job-temp-allocator-reduction-small-platforms=262144"
    "memorysetup-temp-allocator-size-background-worker=32768"
    "memorysetup-temp-allocator-size-job-worker=262144"
    "memorysetup-temp-allocator-size-preload-manager=33554432"
    "memorysetup-temp-allocator-size-nav-mesh-worker=65536"
    "memorysetup-temp-allocator-size-audio-worker=65536"
    "memorysetup-temp-allocator-size-cloud-worker=32768"
    "memorysetup-temp-allocator-size-gi-baking-worker=262144"
    "memorysetup-temp-allocator-size-gfx=262144"
Player connection [9184] Host "[IP] 192.168.0.100 [Port] 0 [Flags] 2 [Guid] 2506409984 [EditorId] 2506409984 [Version] 1048832 [Id] WindowsEditor(7,DESKTOP-CQLQSJH) [Debug] 1 [PackageName] WindowsEditor [ProjectName] Editor" joined multi-casting on [225.0.0.222:54997]...

Player connection [9184] Host "[IP] 192.168.0.100 [Port] 0 [Flags] 2 [Guid] 2506409984 [EditorId] 2506409984 [Version] 1048832 [Id] WindowsEditor(7,DESKTOP-CQLQSJH) [Debug] 1 [PackageName] WindowsEditor [ProjectName] Editor" joined alternative multi-casting on [225.0.0.222:34997]...

Refreshing native plugins compatible for Editor in 134.86 ms, found 4 plugins.
Preloading 0 native plugins for Editor in 0.00 ms.
Initialize engine version: 2021.3.23f1 (213b516bf396)
[Subsystems] Discovering subsystems at path D:/UnityProjects/Unity Hub/2021.3.23f1/Editor/Data/Resources/UnitySubsystems
[Subsystems] Discovering subsystems at path D:/UnityProjects/FPS/Assets
GfxDevice: creating device client; threaded=0; jobified=0
Direct3D:
    Version:  Direct3D 11.0 [level 11.1]
    Renderer: NVIDIA GeForce RTX 3060 (ID=0x2504)
    Vendor:   NVIDIA
    VRAM:     12129 MB
    Driver:   31.0.15.2849
Initialize mono
Mono path[0] = 'D:/UnityProjects/Unity Hub/2021.3.23f1/Editor/Data/Managed'
Mono path[1] = 'D:/UnityProjects/Unity Hub/2021.3.23f1/Editor/Data/MonoBleedingEdge/lib/mono/unityjit-win32'
Mono config path = 'D:/UnityProjects/Unity Hub/2021.3.23f1/Editor/Data/MonoBleedingEdge/etc'
Using monoOptions --debugger-agent=transport=dt_socket,embedding=1,server=y,suspend=n,address=127.0.0.1:56608
Begin MonoManager ReloadAssembly
Registering precompiled unity dll's ...
Register platform support module: D:/UnityProjects/Unity Hub/2021.3.23f1/Editor/Data/PlaybackEngines/WebGLSupport/UnityEditor.WebGL.Extensions.dll
Register platform support module: D:/UnityProjects/Unity Hub/2021.3.23f1/Editor/Data/PlaybackEngines/WindowsStandaloneSupport/UnityEditor.WindowsStandalone.Extensions.dll
Registered in 0.016033 seconds.
Native extension for WindowsStandalone target not found
Native extension for WebGL target not found
Refreshing native plugins compatible for Editor in 133.30 ms, found 4 plugins.
Preloading 0 native plugins for Editor in 0.00 ms.
Mono: successfully reloaded assembly
- Completed reload, in  0.666 seconds
Domain Reload Profiling:
	ReloadAssembly (666ms)
		BeginReloadAssembly (163ms)
			ExecutionOrderSort (0ms)
			DisableScriptedObjects (0ms)
			BackupInstance (0ms)
			ReleaseScriptingObjects (0ms)
			CreateAndSetChildDomain (1ms)
		EndReloadAssembly (423ms)
			LoadAssemblies (172ms)
			RebuildTransferFunctionScriptingTraits (0ms)
			SetupTypeCache (75ms)
			ReleaseScriptCaches (0ms)
			RebuildScriptCaches (18ms)
			SetupLoadedEditorAssemblies (281ms)
				LogAssemblyErrors (0ms)
				InitializePlatformSupportModulesInManaged (6ms)
				SetLoadedEditorAssemblies (0ms)
				RefreshPlugins (133ms)
				BeforeProcessingInitializeOnLoad (1ms)
				ProcessInitializeOnLoadAttributes (93ms)
				ProcessInitializeOnLoadMethodAttributes (47ms)
				AfterProcessingInitializeOnLoad (0ms)
				EditorAssembliesLoaded (0ms)
			ExecutionOrderSort2 (0ms)
			AwakeInstancesAfterBackupRestoration (0ms)
Platform modules already initialized, skipping
Registering precompiled user dll's ...
Registered in 0.003946 seconds.
Begin MonoManager ReloadAssembly
Symbol file LoadedFromMemory doesn't match image D:\UnityProjects\FPS\Library\PackageCache\com.unity.visualscripting@1.8.0\Editor\VisualScripting.Core\Dependencies\YamlDotNet\Unity.VisualScripting.YamlDotNet.dll
Symbol file LoadedFromMemory doesn't match image D:\UnityProjects\FPS\Library\PackageCache\com.unity.visualscripting@1.8.0\Editor\VisualScripting.Core\Dependencies\DotNetZip\Unity.VisualScripting.IonicZip.dll
Native extension for WindowsStandalone target not found
Native extension for WebGL target not found
Refreshing native plugins compatible for Editor in 143.69 ms, found 4 plugins.
Preloading 0 native plugins for Editor in 0.00 ms.
Mono: successfully reloaded assembly
- Completed reload, in  1.414 seconds
Domain Reload Profiling:
	ReloadAssembly (1414ms)
		BeginReloadAssembly (90ms)
			ExecutionOrderSort (0ms)
			DisableScriptedObjects (4ms)
			BackupInstance (0ms)
			ReleaseScriptingObjects (0ms)
			CreateAndSetChildDomain (19ms)
		EndReloadAssembly (1231ms)
			LoadAssemblies (236ms)
			RebuildTransferFunctionScriptingTraits (0ms)
			SetupTypeCache (257ms)
			ReleaseScriptCaches (1ms)
			RebuildScriptCaches (72ms)
			SetupLoadedEditorAssemblies (638ms)
				LogAssemblyErrors (0ms)
				InitializePlatformSupportModulesInManaged (4ms)
				SetLoadedEditorAssemblies (0ms)
				RefreshPlugins (144ms)
				BeforeProcessingInitializeOnLoad (121ms)
				ProcessInitializeOnLoadAttributes (339ms)
				ProcessInitializeOnLoadMethodAttributes (28ms)
				AfterProcessingInitializeOnLoad (2ms)
				EditorAssembliesLoaded (0ms)
			ExecutionOrderSort2 (0ms)
			AwakeInstancesAfterBackupRestoration (4ms)
Platform modules already initialized, skipping
========================================================================
Worker process is ready to serve import requests
Switching render pipeline 00000000000000000000000000000000 -> 2817b8b7fb14c734baa46f7836b4aa8a
Launched and connected shader compiler UnityShaderCompiler.exe after 0.04 seconds
Refreshing native plugins compatible for Editor in 1.44 ms, found 4 plugins.
Preloading 0 native plugins for Editor in 0.00 ms.
Unloading 7008 Unused Serialized files (Serialized files now loaded: 0)
Unloading 76 unused Assets / (3.5 MB). Loaded Objects now: 7484.
Memory consumption went from 342.6 MB to 339.1 MB.
Total: 4.379400 ms (FindLiveObjects: 0.504900 ms CreateObjectMapping: 0.232400 ms MarkObjects: 2.793400 ms  DeleteObjects: 0.848100 ms)

AssetImportParameters requested are different than current active one (requested -> active):
  custom:video-decoder-ogg-theora: a1e56fd34408186e4bbccfd4996cb3dc -> 
  custom:container-muxer-webm: aa71ff27fc2769a1b78a27578f13a17b -> 
  custom:container-demuxer-webm: 4f35f7cbe854078d1ac9338744f61a02 -> 
  custom:video-encoder-webm-vp8: eb34c28f22e8b96e1ab97ce403110664 -> 
  custom:audio-encoder-webm-vorbis: bf7c407c2cedff20999df2af8eb42d56 -> 
  custom:framework-win-MediaFoundation: 216162199b28c13a410421893ffa2e32 -> 
  custom:container-demuxer-ogg: 62fdf1f143b41e24485cea50d1cbac27 -> 
  custom:video-decoder-webm-vp8: 9c59270c3fd7afecdb556c50c9e8de78 -> 
  custom:audio-decoder-ogg-vorbis: bf7c407c2cedff20999df2af8eb42d56 -> 
========================================================================
Received Import Request.
  Time since last request: 774589.720679 seconds.
  path: Assets/Script/Inventory/Shield_item.asset
  artifactKey: Guid(58acd112d8697454984912c750abad09) Importer(815301076,1909f56bfc062723c751e8b465ee728b)
Start importing Assets/Script/Inventory/Shield_item.asset using Guid(58acd112d8697454984912c750abad09) Importer(815301076,1909f56bfc062723c751e8b465ee728b)  -> (artifact id: '56eac0d2c089ee1d6ba68c8b54f4f7e1') in 0.049910 seconds 
========================================================================
Received Import Request.
  Time since last request: 0.000034 seconds.
  path: Assets/Script/Inventory/Potion_item.asset
  artifactKey: Guid(d4f45a9eba64e264dabd2ab7bef44eb4) Importer(815301076,1909f56bfc062723c751e8b465ee728b)
Start importing Assets/Script/Inventory/Potion_item.asset using Guid(d4f45a9eba64e264dabd2ab7bef44eb4) Importer(815301076,1909f56bfc062723c751e8b465ee728b)  -> (artifact id: '081ac37ddc02e5d33db71ba241c7b20b') in 0.007058 seconds 
========================================================================
Received Import Request.
  Time since last request: 0.000027 seconds.
  path: Assets/Script/Inventory/Sword_item 2.asset
  artifactKey: Guid(298d3d0c60c580347a4e8c7fa254acc9) Importer(815301076,1909f56bfc062723c751e8b465ee728b)
Start importing Assets/Script/Inventory/Sword_item 2.asset using Guid(298d3d0c60c580347a4e8c7fa254acc9) Importer(815301076,1909f56bfc062723c751e8b465ee728b)  -> (artifact id: '4e4e70e64b7f35f7e9bd574395de5a85') in 0.008373 seconds 
========================================================================
Received Import Request.
  Time since last request: 0.000029 seconds.
  path: Assets/Script/Inventory/Sword_item.asset
  artifactKey: Guid(a0288fdb998a68a4ab5585a9bd770054) Importer(815301076,1909f56bfc062723c751e8b465ee728b)
Start importing Assets/Script/Inventory/Sword_item.asset using Guid(a0288fdb998a68a4ab5585a9bd770054) Importer(815301076,1909f56bfc062723c751e8b465ee728b)  -> (artifact id: '5e2a8f8110916c7f5a721e5af82d53bf') in 0.007300 seconds 
========================================================================
Received Import Request.
  Time since last request: 0.000023 seconds.
  path: Assets/Script/NormalLoot.asset
  artifactKey: Guid(ae6d06e244075994fa416b377aa27edd) Importer(815301076,1909f56bfc062723c751e8b465ee728b)
Start importing Assets/Script/NormalLoot.asset using Guid(ae6d06e244075994fa416b377aa27edd) Importer(815301076,1909f56bfc062723c751e8b465ee728b)  -> (artifact id: 'ee3884ee780025a15cad6b9749ccac24') in 0.009564 seconds 
========================================================================
Received Import Request.
  Time since last request: 0.000024 seconds.
  path: Assets/Script/Inventory/Sword_item 1.asset
  artifactKey: Guid(b2a4669a3ec55c645a6f8c5090b29e9e) Importer(815301076,1909f56bfc062723c751e8b465ee728b)
Start importing Assets/Script/Inventory/Sword_item 1.asset using Guid(b2a4669a3ec55c645a6f8c5090b29e9e) Importer(815301076,1909f56bfc062723c751e8b465ee728b)  -> (artifact id: 'a61c47d51731ec70a8a4c9fc8f995060') in 0.007353 seconds 
========================================================================
Received Import Request.
  Time since last request: 3.812409 seconds.
  path: Assets/Script/QuestGiver.cs
  artifactKey: Guid(15f006f6dfee4cb40b51dd462c091a73) Importer(815301076,1909f56bfc062723c751e8b465ee728b)
Start importing Assets/Script/QuestGiver.cs using Guid(15f006f6dfee4cb40b51dd462c091a73) Importer(815301076,1909f56bfc062723c751e8b465ee728b)  -> (artifact id: '6719b12e2397f1a93e8bf68bf4790b8e') in 0.017388 seconds 
========================================================================
Received Import Request.
  Time since last request: 1.612947 seconds.
  path: Assets/Script/QuestManager.cs
  artifactKey: Guid(e7b9196c1c4e69945868d7479f0ea984) Importer(815301076,1909f56bfc062723c751e8b465ee728b)
Start importing Assets/Script/QuestManager.cs using Guid(e7b9196c1c4e69945868d7479f0ea984) Importer(815301076,1909f56bfc062723c751e8b465ee728b)  -> (artifact id: '4f15e47ebb98bf22651bca6fba773617') in 0.006829 seconds 
